<?xml version="1.0" encoding="UTF-8"?>
<!-- Generated by org.testng.reporters.JUnitReportReporter -->
<testsuite hostname="David-Hos-MBP" failures="0" tests="1" name="autotest.testcases.TaoHoaDonPageTestCase" time="80.509" errors="0" timestamp="2024-12-18T17:37:11 GMT+07:00" skipped="0">
  <testcase classname="autotest.testcases.TaoHoaDonPageTestCase" name="tc_taoHoaDon_thanhCong" time="80.509"/>
  <system-out/>
</testsuite> <!-- autotest.testcases.TaoHoaDonPageTestCase -->
