<?xml version="1.0" encoding="UTF-8"?>
<!-- Generated by org.testng.reporters.JUnitReportReporter -->
<testsuite hostname="DESKTOP-I8QEIM8" failures="0" tests="2" name="autotest.thuchanh.Buoi12TH" time="10.020" errors="0" timestamp="2025-04-13T19:27:05 ICT" skipped="0">
  <testcase classname="autotest.thuchanh.Buoi12TH" name="chonVN" time="5.755"/>
  <system-out/>
  <testcase classname="autotest.thuchanh.Buoi12TH" name="chonKS" time="4.265"/>
  <system-out/>
</testsuite> <!-- autotest.thuchanh.Buoi12TH -->
