<?xml version="1.0" encoding="UTF-8"?>
<!-- Generated by org.testng.reporters.JUnitReportReporter -->
<testsuite hostname="DESKTOP-KMNS09Q" failures="0" tests="1" name="autotest.buoi8.Bai1" time="30.820" errors="0" timestamp="2025-06-06T01:51:25 ICT" skipped="0">
  <testcase classname="autotest.buoi8.Bai1" name="testLogin" time="30.820"/>
</testsuite> <!-- autotest.buoi8.Bai1 -->
