<?xml version="1.0" encoding="UTF-8"?>
<!-- Generated by org.testng.reporters.JUnitReportReporter -->
<testsuite hostname="OanhKieu" failures="0" tests="1" name="autotest.pages.LoginPage" time="0.801" errors="0" timestamp="2024-11-27T19:33:42 GMT+07:00" skipped="0">
  <testcase classname="autotest.pages.LoginPage" name="login" time="0.801"/>
  <system-out/>
</testsuite> <!-- autotest.pages.LoginPage -->
