<?xml version="1.0" encoding="UTF-8"?>
<!-- Generated by org.testng.reporters.JUnitReportReporter -->
<testsuite hostname="Admin-PC" failures="0" tests="1" name="autotest.testcases.teacher.LoginTestcases" time="13.309" errors="0" timestamp="2025-03-23T20:06:26 GMT+07:00" skipped="0">
  <testcase classname="autotest.testcases.teacher.LoginTestcases" name="loginadmin" time="13.309"/>
  <system-out/>
</testsuite> <!-- autotest.testcases.teacher.LoginTestcases -->
