<?xml version="1.0" encoding="UTF-8"?>
<!-- Generated by org.testng.reporters.JUnitReportReporter -->
<testsuite hostname="DESKTOP-KMNS09Q" failures="0" tests="2" name="autotest.testcases.admin.LoginTestcases" time="0.030" errors="1" timestamp="2025-06-04T20:11:28 ICT" skipped="1">
  <testcase classname="autotest.testcases.admin.LoginTestcases" name="startBrowser" time="0.030">
    <error message="Unresolved compilation problems: 
	Cookie cannot be resolved to a type
	Syntax error, insert &quot;;&quot; to complete LocalVariableDeclarationStatement
" type="java.lang.Error">
      <![CDATA[java.lang.Error: Unresolved compilation problems: 
Cookie cannot be resolved to a type
Syntax error, insert ";" to complete LocalVariableDeclarationStatement

at autocom.common.CommonPage.startBrower(CommonPage.java:83)
at autotest.testcases.admin.LoginTestcases.startBrowser(LoginTestcases.java:31)
at java.base/jdk.internal.reflect.DirectMethodHandleAccessor.invoke(DirectMethodHandleAccessor.java:103)
at java.base/java.lang.reflect.Method.invoke(Method.java:580)
at org.testng.internal.invokers.MethodInvocationHelper.invokeMethod(MethodInvocationHelper.java:141)
at org.testng.internal.invokers.MethodInvocationHelper.invokeMethodConsideringTimeout(MethodInvocationHelper.java:71)
at org.testng.internal.invokers.ConfigInvoker.invokeConfigurationMethod(ConfigInvoker.java:400)
at org.testng.internal.invokers.ConfigInvoker.invokeConfigurations(ConfigInvoker.java:333)
at org.testng.TestRunner.invokeTestConfigurations(TestRunner.java:657)
at org.testng.TestRunner.beforeRun(TestRunner.java:646)
at org.testng.TestRunner.run(TestRunner.java:612)
at org.testng.SuiteRunner.runTest(SuiteRunner.java:421)
at org.testng.SuiteRunner.runSequentially(SuiteRunner.java:413)
at org.testng.SuiteRunner.privateRun(SuiteRunner.java:373)
at org.testng.SuiteRunner.run(SuiteRunner.java:312)
at org.testng.SuiteRunnerWorker.runSuite(SuiteRunnerWorker.java:52)
at org.testng.SuiteRunnerWorker.run(SuiteRunnerWorker.java:95)
at org.testng.TestNG.runSuitesSequentially(TestNG.java:1274)
at org.testng.TestNG.runSuitesLocally(TestNG.java:1208)
at org.testng.TestNG.runSuites(TestNG.java:1112)
at org.testng.TestNG.run(TestNG.java:1079)
at org.testng.remote.AbstractRemoteTestNG.run(AbstractRemoteTestNG.java:115)
at org.testng.remote.RemoteTestNG.initAndRun(RemoteTestNG.java:293)
at org.testng.remote.RemoteTestNG.main(RemoteTestNG.java:91)
]]>
    </error>
  </testcase> <!-- startBrowser -->
  <testcase classname="autotest.testcases.admin.LoginTestcases" name="loginadmin" time="0.000">
    <skipped/>
  </testcase> <!-- loginadmin -->
</testsuite> <!-- autotest.testcases.admin.LoginTestcases -->
