<?xml version="1.0" encoding="UTF-8"?>
<!-- Generated by org.testng.reporters.JUnitReportReporter -->
<testsuite hostname="DESKTOP-T58M6RN" failures="0" tests="2" name="autotest.testcases.admin.SchoolManagementTestcases" time="37.536" errors="0" timestamp="2025-03-26T19:18:50 GMT+07:00" skipped="0">
  <testcase classname="autotest.testcases.admin.SchoolManagementTestcases" name="loginAsSuperAdmin" time="10.747"/>
  <system-out/>
  <testcase classname="autotest.testcases.admin.SchoolManagementTestcases" name="createNewSchool" time="26.789"/>
  <system-out/>
</testsuite> <!-- autotest.testcases.admin.SchoolManagementTestcases -->
