<?xml version="1.0" encoding="UTF-8"?>
<!-- Generated by org.testng.reporters.JUnitReportReporter -->
<testsuite hostname="DESKTOP-HA2CFC5" failures="0" tests="3" name="autotest.testcase.rise.ProjectTestcases" time="45.131" errors="0" timestamp="2025-06-24T18:56:22 ICT" skipped="0">
  <testcase classname="autotest.testcase.rise.ProjectTestcases" name="testAddProject" time="17.718"/>
  <testcase classname="autotest.testcase.rise.ProjectTestcases" name="testEditProject" time="14.865"/>
  <testcase classname="autotest.testcase.rise.ProjectTestcases" name="testDeleteProject" time="12.548"/>
</testsuite> <!-- autotest.testcase.rise.ProjectTestcases -->
