<?xml version="1.0" encoding="UTF-8"?>
<!-- Generated by org.testng.reporters.JUnitReportReporter -->
<testsuite hostname="Admin" failures="0" tests="1" name="autotest.thuchanh.Buoi17_TH" time="6.319" errors="0" timestamp="2025-07-06T20:31:40 ICT" skipped="0">
  <testcase classname="autotest.thuchanh.Buoi17_TH" name="getWindowHandles" time="6.319"/>
</testsuite> <!-- autotest.thuchanh.Buoi17_TH -->
