<?xml version="1.0" encoding="UTF-8"?>
<!-- Generated by org.testng.reporters.JUnitReportReporter -->
<testsuite hostname="AAPtBYbh1X56Tli" failures="0" tests="1" name="autocom.testcases.LoginTestCase" time="57.427" errors="0" timestamp="2024-04-20T21:36:27 CEST" skipped="0">
  <testcase classname="autocom.testcases.LoginTestCase" name="testLoginSuccessful" time="57.427"/>
</testsuite> <!-- autocom.testcases.LoginTestCase -->
