<?xml version="1.0" encoding="UTF-8"?>
<!-- Generated by org.testng.reporters.JUnitReportReporter -->
<testsuite hostname="Admin-PC" failures="0" tests="5" name="autotest.testcase.pageHD.HoaDonTest" time="74.661" errors="0" timestamp="2025-04-20T19:55:31 GMT+07:00" skipped="0">
  <testcase classname="autotest.testcase.pageHD.HoaDonTest" name="verifyTinhTienCK" time="11.966"/>
  <system-out/>
  <testcase classname="autotest.testcase.pageHD.HoaDonTest" name="verifyTongTien" time="0.128"/>
  <system-out/>
  <testcase classname="autotest.testcase.pageHD.HoaDonTest" name="verifyTongTienThue" time="12.753"/>
  <system-out/>
  <testcase classname="autotest.testcase.pageHD.HoaDonTest" name="verifyTongTienTT" time="25.275"/>
  <system-out/>
  <testcase classname="autotest.testcase.pageHD.HoaDonTest" name="verifySoTienBangChu" time="24.539"/>
  <system-out/>
</testsuite> <!-- autotest.testcase.pageHD.HoaDonTest -->
