<?xml version="1.0" encoding="UTF-8"?>
<!-- Generated by org.testng.reporters.JUnitReportReporter -->
<testsuite hostname="192.168.1.61.non-exists.ptr.local" failures="0" tests="1" name="autotest.testcases.CreateInvoicePageTestCase" time="19.384" errors="0" timestamp="2024-11-29T10:29:35 GMT+07:00" skipped="0">
  <testcase classname="autotest.testcases.CreateInvoicePageTestCase" name="tc1_GoToPage_Successful" time="19.384"/>
  <system-out/>
</testsuite> <!-- autotest.testcases.CreateInvoicePageTestCase -->
