<?xml version="1.0" encoding="UTF-8"?>
<!-- Generated by org.testng.reporters.JUnitReportReporter -->
<testsuite hostname="DESKTOP-TBASD4Q" failures="0" tests="1" name="autotest.testcases.teacher.LoginTestcases" time="15.185" errors="0" timestamp="2025-03-23T20:22:39 ICT" skipped="0">
  <testcase classname="autotest.testcases.teacher.LoginTestcases" name="loginadmin" time="15.185"/>
  <system-out/>
</testsuite> <!-- autotest.testcases.teacher.LoginTestcases -->
