<?xml version="1.0" encoding="UTF-8"?>
<!-- Generated by org.testng.reporters.JUnitReportReporter -->
<testsuite hostname="DESKTOP-LSHHFAK" failures="0" tests="1" name="autotest.pages.ExamAntonation" time="0.056" errors="0" timestamp="2024-03-31T14:47:01 ICT" skipped="0">
  <testcase classname="autotest.pages.ExamAntonation" name="testOneMethod" time="0.056"/>
  <system-out/>
</testsuite> <!-- autotest.pages.ExamAntonation -->
