<?xml version="1.0" encoding="UTF-8"?>
<!-- Generated by org.testng.reporters.JUnitReportReporter -->
<testsuite hostname="Admin" failures="0" tests="1" name="autotest.thuchanh.Buoi12_BTVN" time="6.380" errors="0" timestamp="2025-06-25T19:46:12 ICT" skipped="0">
  <testcase classname="autotest.thuchanh.Buoi12_BTVN" name="handleSearch" time="6.380"/>
</testsuite> <!-- autotest.thuchanh.Buoi12_BTVN -->
