<?xml version="1.0" encoding="UTF-8"?>
<!-- Generated by org.testng.reporters.JUnitReportReporter -->
<testsuite hostname="DESKTOP-TBASD4Q" failures="0" tests="1" name="autotest.testcases.HomePageTestCases" time="0.015" errors="0" timestamp="2024-08-28T16:19:04 ICT" skipped="0">
  <testcase classname="autotest.testcases.HomePageTestCases" name="testing" time="0.015"/>
  <system-out/>
</testsuite> <!-- autotest.testcases.HomePageTestCases -->
