<?xml version="1.0" encoding="UTF-8"?>
<!-- Generated by org.testng.reporters.JUnitReportReporter -->
<testsuite hostname="DESKTOP-LSHHFAK" failures="0" tests="1" name="autotest.pages.Exam1" time="0.019" errors="0" timestamp="2024-03-28T19:18:29 ICT" skipped="0">
  <testcase classname="autotest.pages.Exam1" name="test1" time="0.019"/>
  <system-out/>
</testsuite> <!-- autotest.pages.Exam1 -->
