<?xml version="1.0" encoding="UTF-8"?>
<!-- Generated by org.testng.reporters.JUnitReportReporter -->
<testsuite hostname="OanhKieu" failures="0" tests="1" name="autotest.pages.LoginPage" time="0.994" errors="0" timestamp="2024-11-25T21:53:44 GMT+07:00" skipped="0">
  <testcase classname="autotest.pages.LoginPage" name="tc1" time="0.994"/>
  <system-out/>
</testsuite> <!-- autotest.pages.LoginPage -->
