<?xml version="1.0" encoding="UTF-8"?>
<!-- Generated by org.testng.reporters.JUnitReportReporter -->
<testsuite hostname="DESKTOP-HDR1TQ7" failures="0" tests="1" name="autotest.testcases.admin.LoginTestcases" time="10.421" errors="0" timestamp="2025-03-25T22:07:38 GMT+07:00" skipped="0">
  <testcase classname="autotest.testcases.admin.LoginTestcases" name="loginadmin" time="10.421"/>
  <system-out/>
</testsuite> <!-- autotest.testcases.admin.LoginTestcases -->
