<?xml version="1.0" encoding="UTF-8"?>
<!-- Generated by org.testng.reporters.JUnitReportReporter -->
<testsuite hostname="DESKTOP-TBASD4Q" failures="0" tests="1" name="autotest.testcases.LoginTestcases" time="1002.655" errors="0" timestamp="2025-03-20T15:34:33 ICT" skipped="0">
  <testcase classname="autotest.testcases.LoginTestcases" name="tcs01" time="1002.655"/>
  <system-out/>
</testsuite> <!-- autotest.testcases.LoginTestcases -->
