<?xml version="1.0" encoding="UTF-8"?>
<!-- Generated by org.testng.reporters.JUnitReportReporter -->
<testsuite hostname="Admin" failures="0" tests="1" name="autotest_buoi9.Tasks" time="20.832" errors="0" timestamp="2025-06-11T18:36:40 ICT" skipped="0">
  <testcase classname="autotest_buoi9.Tasks" name="testDeleteTask" time="20.832"/>
</testsuite> <!-- autotest_buoi9.Tasks -->
