<?xml version="1.0" encoding="UTF-8"?>
<!-- Generated by org.testng.reporters.JUnitReportReporter -->
<testsuite hostname="Admin" failures="0" tests="3" name="autotest.testcase.TaskTestCases" time="33.851" errors="0" timestamp="2025-06-17T23:39:08 ICT" skipped="0">
  <testcase classname="autotest.testcase.TaskTestCases" name="testAddTask" time="16.869"/>
  <testcase classname="autotest.testcase.TaskTestCases" name="testEditTask" time="9.868"/>
  <testcase classname="autotest.testcase.TaskTestCases" name="testDeleteTask" time="7.114"/>
</testsuite> <!-- autotest.testcase.TaskTestCases -->
