<?xml version="1.0" encoding="UTF-8"?>
<!-- Generated by org.testng.reporters.JUnitReportReporter -->
<testsuite hostname="NgD" failures="0" tests="1" name="autotest.pages.PracticeLocatorBai2" time="0.619" errors="0" timestamp="2024-11-29T12:04:00 ICT" skipped="0">
  <testcase classname="autotest.pages.PracticeLocatorBai2" name="checkLocator" time="0.619"/>
  <system-out/>
</testsuite> <!-- autotest.pages.PracticeLocatorBai2 -->
