<?xml version="1.0" encoding="UTF-8"?>
<!-- Generated by org.testng.reporters.JUnitReportReporter -->
<testsuite hostname="Admin-PC" failures="0" tests="1" name="autotest.testcases.admin.LoginTestcases" time="16.240" errors="0" timestamp="2025-03-26T19:28:25 GMT+07:00" skipped="0">
  <testcase classname="autotest.testcases.admin.LoginTestcases" name="loginadmin" time="16.240"/>
  <system-out/>
</testsuite> <!-- autotest.testcases.admin.LoginTestcases -->
