<?xml version="1.0" encoding="UTF-8"?>
<!-- Generated by org.testng.reporters.JUnitReportReporter -->
<testsuite hostname="DESKTOP-T58M6RN" failures="0" tests="1" name="autotest.testcases.admin.CreateGoiHocTestcases" time="42.451" errors="0" timestamp="2025-03-30T19:09:11 GMT+07:00" skipped="0">
  <testcase classname="autotest.testcases.admin.CreateGoiHocTestcases" name="loginAndCreateGoiHoc" time="42.451"/>
  <system-out/>
</testsuite> <!-- autotest.testcases.admin.CreateGoiHocTestcases -->
