<?xml version="1.0" encoding="UTF-8"?>
<!-- Generated by org.testng.reporters.JUnitReportReporter -->
<testsuite hostname="Admin" failures="0" tests="1" name="autotest.thuchanh.Buoi13_TH" time="3.931" errors="0" timestamp="2025-06-22T19:45:06 ICT" skipped="0">
  <testcase classname="autotest.thuchanh.Buoi13_TH" name="thuchanh" time="3.931"/>
</testsuite> <!-- autotest.thuchanh.Buoi13_TH -->
