<?xml version="1.0" encoding="UTF-8"?>
<!-- Generated by org.testng.reporters.JUnitReportReporter -->
<testsuite hostname="DESKTOP-T58M6RN" failures="0" tests="1" name="autotest.testcases.teacher.LoginTestcases" time="18.524" errors="0" timestamp="2025-03-23T20:36:10 GMT+07:00" skipped="0">
  <testcase classname="autotest.testcases.teacher.LoginTestcases" name="loginadmin" time="18.524"/>
  <system-out/>
</testsuite> <!-- autotest.testcases.teacher.LoginTestcases -->
