<?xml version="1.0" encoding="UTF-8"?>
<!-- Generated by org.testng.reporters.JUnitReportReporter -->
<testsuite hostname="Admin-PC" failures="0" tests="1" name="autotest.testcases.staff.addStaffTestcase" time="7.684" errors="0" timestamp="2025-03-30T19:15:25 GMT+07:00" skipped="0">
  <testcase classname="autotest.testcases.staff.addStaffTestcase" name="loginadmin" time="7.684"/>
  <system-out/>
</testsuite> <!-- autotest.testcases.staff.addStaffTestcase -->
