<?xml version="1.0" encoding="UTF-8"?>
<!-- Generated by org.testng.reporters.JUnitReportReporter -->
<testsuite hostname="David-Hos-MBP" failures="0" tests="1" name="autotest.testcases.HoaDonBanHangPageTestCase" time="11.380" errors="0" timestamp="2024-12-03T23:06:53 GMT+07:00" skipped="0">
  <testcase classname="autotest.testcases.HoaDonBanHangPageTestCase" name="tc1" time="11.380"/>
  <system-out/>
</testsuite> <!-- autotest.testcases.HoaDonBanHangPageTestCase -->
