<?xml version="1.0" encoding="UTF-8"?>
<!-- Generated by org.testng.reporters.JUnitReportReporter -->
<testsuite hostname="DESKTOP-T58M6RN" failures="0" tests="1" name="autotest.testcases.admin.LoginTestcases" time="24.436" errors="0" timestamp="2025-03-23T20:22:20 GMT+07:00" skipped="0">
  <testcase classname="autotest.testcases.admin.LoginTestcases" name="loginadmin" time="24.436"/>
  <system-out/>
</testsuite> <!-- autotest.testcases.admin.LoginTestcases -->
