<?xml version="1.0" encoding="UTF-8"?>
<!-- Generated by org.testng.reporters.JUnitReportReporter -->
<testsuite hostname="DESKTOP-TBASD4Q" failures="0" tests="1" name="autotest.pages.LoginPage1" time="1.966" errors="0" timestamp="2024-09-04T20:33:20 ICT" skipped="0">
  <testcase classname="autotest.pages.LoginPage1" name="Testcases1" time="1.966"/>
  <system-out/>
</testsuite> <!-- autotest.pages.LoginPage1 -->
