<?xml version="1.0" encoding="UTF-8"?>
<!-- Generated by org.testng.reporters.JUnitReportReporter -->
<testsuite hostname="LAPTOP-6AVSI84U" failures="0" tests="1" name="autotest.pages.Exam2" time="11.550" errors="0" timestamp="2024-04-02T22:24:32 ICT" skipped="0">
  <testcase classname="autotest.pages.Exam2" name="DemoTest" time="11.550"/>
  <system-out/>
</testsuite> <!-- autotest.pages.Exam2 -->
