<?xml version="1.0" encoding="UTF-8"?>
<!-- Generated by org.testng.reporters.JUnitReportReporter -->
<testsuite hostname="DESKTOP-LSHHFAK" failures="0" tests="1" name="autotest.testcases.TaoHoaDonTestcases" time="11.279" errors="0" timestamp="2024-04-17T20:54:01 ICT" skipped="0">
  <testcase classname="autotest.testcases.TaoHoaDonTestcases" name="taoHoaDonThanhCong" time="11.279"/>
  <system-out/>
</testsuite> <!-- autotest.testcases.TaoHoaDonTestcases -->
