<?xml version="1.0" encoding="UTF-8"?>
<!-- Generated by org.testng.reporters.JUnitReportReporter -->
<testsuite hostname="DESKTOP-3M7C8VD" failures="0" tests="3" name="autotest.pages.LoginPage" time="12.528" errors="0" timestamp="2024-12-03T22:08:12 GMT+07:00" skipped="0">
  <testcase classname="autotest.pages.LoginPage" name="tc_03" time="3.878"/>
  <system-out/>
  <testcase classname="autotest.pages.LoginPage" name="tc_01" time="4.612"/>
  <system-out/>
  <testcase classname="autotest.pages.LoginPage" name="tc_02" time="4.038"/>
  <system-out/>
</testsuite> <!-- autotest.pages.LoginPage -->
