<?xml version="1.0" encoding="UTF-8"?>
<!-- Generated by org.testng.reporters.JUnitReportReporter -->
<testsuite hostname="DESKTOP-TBASD4Q" failures="0" tests="1" name="autotest.thuchanh.Buoi17TH2" time="12.899" errors="0" timestamp="2025-04-27T21:06:53 ICT" skipped="0">
  <testcase classname="autotest.thuchanh.Buoi17TH2" name="getWindowHandles" time="12.899"/>
  <system-out/>
</testsuite> <!-- autotest.thuchanh.Buoi17TH2 -->
