<?xml version="1.0" encoding="UTF-8"?>
<!-- Generated by org.testng.reporters.JUnitReportReporter -->
<testsuite hostname="Admin" failures="0" tests="3" name="autotest.testcase.ProjectTestCases" time="21.285" errors="0" timestamp="2025-06-18T19:10:52 ICT" skipped="0">
  <testcase classname="autotest.testcase.ProjectTestCases" name="testAddProject" time="12.361"/>
  <testcase classname="autotest.testcase.ProjectTestCases" name="testEditProject" time="5.505"/>
  <testcase classname="autotest.testcase.ProjectTestCases" name="testDeleteProject" time="3.419"/>
</testsuite> <!-- autotest.testcase.ProjectTestCases -->
