<?xml version="1.0" encoding="UTF-8"?>
<!-- Generated by org.testng.reporters.JUnitReportReporter -->
<testsuite hostname="DESKTOP-HA2CFC5" failures="0" tests="1" name="Buoi8.Bai2" time="15.511" errors="0" timestamp="2025-06-08T20:06:06 ICT" skipped="0">
  <testcase classname="Buoi8.Bai2" name="testAddProject" time="15.511"/>
</testsuite> <!-- Buoi8.Bai2 -->
