<?xml version="1.0" encoding="UTF-8"?>
<!-- Generated by org.testng.reporters.JUnitReportReporter -->
<testsuite hostname="DESKTOP-TBASD4Q" failures="0" tests="1" name="autotest.testcases.ThucHanh" time="0.039" errors="0" timestamp="2024-08-28T21:20:02 ICT" skipped="0">
  <testcase classname="autotest.testcases.ThucHanh" name="khoitaoweb" time="0.039"/>
  <system-out/>
</testsuite> <!-- autotest.testcases.ThucHanh -->
