<?xml version="1.0" encoding="UTF-8"?>
<!-- Generated by org.testng.reporters.JUnitReportReporter -->
<testsuite hostname="Admin-PC" failures="0" tests="1" name="autotest.testcase.buoi9.Buoi9" time="0.008" errors="0" timestamp="2025-03-30T19:15:56 GMT+07:00" skipped="0">
  <testcase classname="autotest.testcase.buoi9.Buoi9" name="Test1" time="0.008"/>
  <system-out/>
</testsuite> <!-- autotest.testcase.buoi9.Buoi9 -->
