<?xml version="1.0" encoding="UTF-8"?>
<!-- Generated by org.testng.reporters.JUnitReportReporter -->
<testsuite hostname="DESKTOP-TBASD4Q" failures="0" tests="1" name="autotest.testcases.TaoHoaDonTestcases" time="14.976" errors="0" timestamp="2024-09-22T20:18:32 ICT" skipped="0">
  <testcase classname="autotest.testcases.TaoHoaDonTestcases" name="taoHoaDonThanhCong" time="14.976"/>
  <system-out/>
</testsuite> <!-- autotest.testcases.TaoHoaDonTestcases -->
