<?xml version="1.0" encoding="UTF-8"?>
<!-- Generated by org.testng.reporters.JUnitReportReporter -->
<testsuite hostname="NgD" failures="0" tests="5" name="autotest.pages.PageLogin" time="1.491" errors="0" timestamp="2024-12-06T20:12:55 ICT" skipped="4">
  <testcase classname="autotest.pages.PageLogin" name="loginValidAccount" time="1.491"/>
  <system-out/>
  <testcase classname="autotest.pages.PageLogin" name="loginDeactivatedAccount">
    <skipped/>
  </testcase> <!-- loginDeactivatedAccount -->
  <system-out/>
  <testcase classname="autotest.pages.PageLogin" name="loginInvalidAccount">
    <skipped/>
  </testcase> <!-- loginInvalidAccount -->
  <system-out/>
  <testcase classname="autotest.pages.PageLogin" name="clickFortgetPassword">
    <skipped/>
  </testcase> <!-- clickFortgetPassword -->
  <system-out/>
  <testcase classname="autotest.pages.PageLogin" name="loginInvalidPassword">
    <skipped/>
  </testcase> <!-- loginInvalidPassword -->
  <system-out/>
</testsuite> <!-- autotest.pages.PageLogin -->
