<?xml version="1.0" encoding="UTF-8"?>
<!-- Generated by org.testng.reporters.JUnitReportReporter -->
<testsuite hostname="DESKTOP-I8QEIM8" failures="0" tests="4" name="autotest.testcases.Page.TaomoiKH" time="12.840" errors="1" timestamp="2025-04-08T23:02:03 ICT" skipped="0">
  <testcase classname="autotest.testcases.Page.TaomoiKH" name="loginSuccess" time="2.496"/>
  <system-out/>
  <testcase classname="autotest.testcases.Page.TaomoiKH" name="clickkhachhang" time="5.221"/>
  <system-out/>
  <testcase classname="autotest.testcases.Page.TaomoiKH" name="clicktaomoi" time="5.121"/>
  <system-out/>
  <testcase classname="autotest.testcases.Page.TaomoiKH" name="taomoithanhcong" time="0.002">
    <error message="Cannot invoke &quot;autotest.testcases.Page.TaomoiKH.taomoithanhcong()&quot; because &quot;this.taomoikh&quot; is null" type="java.lang.NullPointerException">
      <![CDATA[java.lang.NullPointerException: Cannot invoke "autotest.testcases.Page.TaomoiKH.taomoithanhcong()" because "this.taomoikh" is null
at autotest.testcases.Page.TaomoiKH.taomoithanhcong(TaomoiKH.java:44)
at autotest.testcases.Page.TaomoiKH.taomoithanhcong(TaomoiKH.java:44)
at java.base/jdk.internal.reflect.DirectMethodHandleAccessor.invoke(DirectMethodHandleAccessor.java:103)
at java.base/java.lang.reflect.Method.invoke(Method.java:580)
at org.testng.internal.MethodInvocationHelper.invokeMethod(MethodInvocationHelper.java:133)
at org.testng.internal.TestInvoker.invokeMethod(TestInvoker.java:598)
at org.testng.internal.TestInvoker.invokeTestMethod(TestInvoker.java:173)
at org.testng.internal.MethodRunner.runInSequence(MethodRunner.java:46)
at org.testng.internal.TestInvoker$MethodInvocationAgent.invoke(TestInvoker.java:824)
at org.testng.internal.TestInvoker.invokeTestMethods(TestInvoker.java:146)
at org.testng.internal.TestMethodWorker.invokeTestMethods(TestMethodWorker.java:146)
at org.testng.internal.TestMethodWorker.run(TestMethodWorker.java:128)
at java.base/java.util.ArrayList.forEach(ArrayList.java:1596)
at org.testng.TestRunner.privateRun(TestRunner.java:794)
at org.testng.TestRunner.run(TestRunner.java:596)
at org.testng.SuiteRunner.runTest(SuiteRunner.java:377)
at org.testng.SuiteRunner.runSequentially(SuiteRunner.java:371)
at org.testng.SuiteRunner.privateRun(SuiteRunner.java:332)
at org.testng.SuiteRunner.run(SuiteRunner.java:276)
at org.testng.SuiteRunnerWorker.runSuite(SuiteRunnerWorker.java:53)
at org.testng.SuiteRunnerWorker.run(SuiteRunnerWorker.java:96)
at org.testng.TestNG.runSuitesSequentially(TestNG.java:1212)
at org.testng.TestNG.runSuitesLocally(TestNG.java:1134)
at org.testng.TestNG.runSuites(TestNG.java:1063)
at org.testng.TestNG.run(TestNG.java:1031)
at org.testng.remote.AbstractRemoteTestNG.run(AbstractRemoteTestNG.java:115)
at org.testng.remote.RemoteTestNG.initAndRun(RemoteTestNG.java:293)
at org.testng.remote.RemoteTestNG.main(RemoteTestNG.java:91)
]]>
    </error>
  </testcase> <!-- taomoithanhcong -->
  <system-out/>
</testsuite> <!-- autotest.testcases.Page.TaomoiKH -->
