<?xml version="1.0" encoding="UTF-8"?>
<!-- Generated by org.testng.reporters.JUnitReportReporter -->
<testsuite hostname="DESKTOP-HA2CFC5" failures="0" tests="3" name="autotest.pages.rise.AddClient" time="44.969" errors="0" timestamp="2025-06-11T20:44:01 ICT" skipped="0">
  <testcase classname="autotest.pages.rise.AddClient" name="testAddClient" time="20.508"/>
  <testcase classname="autotest.pages.rise.AddClient" name="editClient" time="12.679"/>
  <testcase classname="autotest.pages.rise.AddClient" name="deleteProject" time="11.782"/>
</testsuite> <!-- autotest.pages.rise.AddClient -->
