<?xml version="1.0" encoding="UTF-8"?>
<!-- Generated by org.testng.reporters.JUnitReportReporter -->
<testsuite hostname="Admin-PC" failures="0" tests="1" name="autotest.testcases.admin.TestSchoolEdit" time="7.068" errors="0" timestamp="2025-03-26T18:35:41 GMT+07:00" skipped="0">
  <testcase classname="autotest.testcases.admin.TestSchoolEdit" name="loginadmin" time="7.068"/>
  <system-out/>
</testsuite> <!-- autotest.testcases.admin.TestSchoolEdit -->
