<?xml version="1.0" encoding="UTF-8"?>
<!-- Generated by org.testng.reporters.JUnitReportReporter -->
<testsuite hostname="AAPtBYbh1X56Tli" failures="0" tests="1" name="autocom.testcases.TaoHoaDonTestCase" time="29.253" errors="0" timestamp="2024-04-21T00:10:56 CEST" skipped="0">
  <testcase classname="autocom.testcases.TaoHoaDonTestCase" name="testTaoHoaDonandSave" time="29.253"/>
</testsuite> <!-- autocom.testcases.TaoHoaDonTestCase -->
