<?xml version="1.0" encoding="UTF-8"?>
<!-- Generated by org.testng.reporters.JUnitReportReporter -->
<testsuite hostname="DESKTOP-3M7C8VD" failures="0" tests="3" name="autotest.pages.LoginPage" time="3.263" errors="0" timestamp="2024-11-27T21:28:49 GMT+07:00" skipped="0">
  <testcase classname="autotest.pages.LoginPage" name="TC01_Fail1" time="1.527"/>
  <system-out/>
  <testcase classname="autotest.pages.LoginPage" name="TC01_Fail2" time="1.346"/>
  <system-out/>
  <testcase classname="autotest.pages.LoginPage" name="TC01_Success" time="0.390"/>
  <system-out/>
</testsuite> <!-- autotest.pages.LoginPage -->
