<?xml version="1.0" encoding="UTF-8"?>
<!-- Generated by org.testng.reporters.JUnitReportReporter -->
<testsuite hostname="DESKTOP0189" failures="0" tests="1" name="autotest.pages.LoginPage1" time="2.206" errors="0" timestamp="2024-09-06T03:50:08 ICT" skipped="0">
  <testcase classname="autotest.pages.LoginPage1" name="TC1" time="2.206"/>
  <system-out/>
</testsuite> <!-- autotest.pages.LoginPage1 -->
