<?xml version="1.0" encoding="UTF-8"?>
<!-- Generated by org.testng.reporters.JUnitReportReporter -->
<testsuite hostname="192.168.1.92.non-exists.ptr.local" failures="0" tests="1" name="autotest.testcases.ThucHanhBuoi7_TuyenNguyen" time="16.928" errors="0" timestamp="2024-12-11T20:23:15 GMT+07:00" skipped="0">
  <testcase classname="autotest.testcases.ThucHanhBuoi7_TuyenNguyen" name="tc" time="16.928"/>
  <system-out/>
</testsuite> <!-- autotest.testcases.ThucHanhBuoi7_TuyenNguyen -->
