<?xml version="1.0" encoding="UTF-8"?>
<!-- Generated by org.testng.reporters.JUnitReportReporter -->
<testsuite hostname="DESKTOP-TBASD4Q" failures="0" tests="1" name="autotest.pages.BaiTap" time="6.219" errors="0" timestamp="2024-09-08T21:05:58 ICT" skipped="0">
  <testcase classname="autotest.pages.BaiTap" name="pickadate" time="6.219"/>
  <system-out/>
</testsuite> <!-- autotest.pages.BaiTap -->
