<?xml version="1.0" encoding="UTF-8"?>
<!-- Generated by org.testng.reporters.JUnitReportReporter -->
<testsuite hostname="David-Hos-MBP" failures="0" tests="1" name="autotest.testcases.HoaDonBanHangPageTestCase" time="12.324" errors="0" timestamp="2024-11-30T23:24:00 GMT+07:00" skipped="0">
  <testcase classname="autotest.testcases.HoaDonBanHangPageTestCase" name="tc1" time="12.324"/>
  <system-out/>
</testsuite> <!-- autotest.testcases.HoaDonBanHangPageTestCase -->
