<?xml version="1.0" encoding="UTF-8"?>
<!-- Generated by org.testng.reporters.JUnitReportReporter -->
<testsuite hostname="Admin-PC" failures="0" tests="1" name="autotest.testcases.admin.SchoolTest" time="28.324" errors="0" timestamp="2025-03-30T19:12:05 GMT+07:00" skipped="0">
  <testcase classname="autotest.testcases.admin.SchoolTest" name="loginadmin" time="28.324"/>
  <system-out/>
</testsuite> <!-- autotest.testcases.admin.SchoolTest -->
