<?xml version="1.0" encoding="UTF-8"?>
<!-- Generated by org.testng.reporters.JUnitReportReporter -->
<testsuite hostname="DESKTOP-HA2CFC5" failures="0" tests="3" name="autotest.testcase.rise.ProjectTestcases" time="80.918" errors="0" timestamp="2025-06-15T10:23:47 ICT" skipped="0">
  <testcase classname="autotest.testcase.rise.ProjectTestcases" name="testAddProject" time="46.496"/>
  <testcase classname="autotest.testcase.rise.ProjectTestcases" name="testEditProject" time="14.317"/>
  <testcase classname="autotest.testcase.rise.ProjectTestcases" name="testDeleteProject" time="20.105"/>
</testsuite> <!-- autotest.testcase.rise.ProjectTestcases -->
