<?xml version="1.0" encoding="UTF-8"?>
<!-- Generated by org.testng.reporters.JUnitReportReporter -->
<testsuite hostname="Admin-PC" failures="0" tests="1" name="autotest.testcases.fclass.LoginTestcases" time="14.896" errors="0" timestamp="2025-03-23T21:09:07 GMT+07:00" skipped="0">
  <testcase classname="autotest.testcases.fclass.LoginTestcases" name="tcs01" time="14.896"/>
  <system-out/>
</testsuite> <!-- autotest.testcases.fclass.LoginTestcases -->
