<?xml version="1.0" encoding="UTF-8"?>
<!-- Generated by org.testng.reporters.JUnitReportReporter -->
<testsuite hostname="DESKTOP-TBASD4Q" failures="0" tests="1" name="autotest.testcases.Exam1" time="11.478" errors="0" timestamp="2024-09-18T19:53:59 ICT" skipped="0">
  <testcase classname="autotest.testcases.Exam1" name="testSelect" time="11.478"/>
  <system-out/>
</testsuite> <!-- autotest.testcases.Exam1 -->
