<?xml version="1.0" encoding="UTF-8"?>
<!-- Generated by org.testng.reporters.JUnitReportReporter -->
<testsuite hostname="OanhKieu" failures="0" tests="1" name="autotest.testcases.OanhBuoi8" time="10.390" errors="0" timestamp="2024-11-26T23:15:56 GMT+07:00" skipped="0">
  <testcase classname="autotest.testcases.OanhBuoi8" name="enterLogin" time="10.390"/>
  <system-out/>
</testsuite> <!-- autotest.testcases.OanhBuoi8 -->
