<?xml version="1.0" encoding="UTF-8"?>
<!-- Generated by org.testng.reporters.JUnitReportReporter -->
<testsuite hostname="DESKTOP0189" failures="0" tests="1" name="autotest.testcases.LoginTestcases" time="0.653" errors="0" timestamp="2024-09-10T04:21:18 ICT" skipped="0">
  <testcase classname="autotest.testcases.LoginTestcases" name="verifyClickOnEyesIcon" time="0.653"/>
  <system-out/>
</testsuite> <!-- autotest.testcases.LoginTestcases -->
