<?xml version="1.0" encoding="UTF-8"?>
<!-- Generated by org.testng.reporters.JUnitReportReporter -->
<testsuite hostname="Admin" failures="0" tests="2" name="autotest.thuchanh.TestAnnotation" time="0.045" errors="0" timestamp="2025-06-25T18:56:02 ICT" skipped="0">
  <testcase classname="autotest.thuchanh.TestAnnotation" name="testCase2" time="0.013"/>
  <testcase classname="autotest.thuchanh.TestAnnotation" name="testCase1" time="0.032"/>
</testsuite> <!-- autotest.thuchanh.TestAnnotation -->
