<?xml version="1.0" encoding="UTF-8"?>
<!-- Generated by org.testng.reporters.JUnitReportReporter -->
<testsuite hostname="Admin-PC" failures="0" tests="1" name="autotest.testcases.admin.SchoolTest" time="17.253" errors="0" timestamp="2025-03-29T21:25:26 GMT+07:00" skipped="0">
  <testcase classname="autotest.testcases.admin.SchoolTest" name="loginadmin" time="17.253"/>
  <system-out/>
</testsuite> <!-- autotest.testcases.admin.SchoolTest -->
