<?xml version="1.0" encoding="UTF-8"?>
<!-- Generated by org.testng.reporters.JUnitReportReporter -->
<testsuite hostname="DESKTOP-HA2CFC5" failures="0" tests="13" name="autotest.testcase.rise.DashboardTestcases" time="283.114" errors="0" timestamp="2025-07-02T19:42:15 ICT" skipped="0">
  <testcase classname="autotest.testcase.rise.DashboardTestcases" name="testMyOpenTasks" time="21.925"/>
  <testcase classname="autotest.testcase.rise.DashboardTestcases" name="testEventsToday" time="1.355"/>
  <testcase classname="autotest.testcase.rise.DashboardTestcases" name="testDue" time="44.649"/>
  <testcase classname="autotest.testcase.rise.DashboardTestcases" name="testProjectsOpen" time="17.469"/>
  <testcase classname="autotest.testcase.rise.DashboardTestcases" name="testProjectsCompleted" time="13.313"/>
  <testcase classname="autotest.testcase.rise.DashboardTestcases" name="testProjectsHold" time="13.340"/>
  <testcase classname="autotest.testcase.rise.DashboardTestcases" name="testProjectProgression" time="0.992"/>
  <testcase classname="autotest.testcase.rise.DashboardTestcases" name="testInvoiceOverdue" time="20.239"/>
  <testcase classname="autotest.testcase.rise.DashboardTestcases" name="testInvoiceNotPaid" time="20.290"/>
  <testcase classname="autotest.testcase.rise.DashboardTestcases" name="testInvoicePartiallyPaid" time="20.333"/>
  <testcase classname="autotest.testcase.rise.DashboardTestcases" name="testInvoiceFullyPaid" time="27.505"/>
  <testcase classname="autotest.testcase.rise.DashboardTestcases" name="testInvoiceDraft" time="25.195"/>
  <testcase classname="autotest.testcase.rise.DashboardTestcases" name="testTotalInvoiced" time="56.509"/>
</testsuite> <!-- autotest.testcase.rise.DashboardTestcases -->
