<?xml version="1.0" encoding="UTF-8"?>
<!-- Generated by org.testng.reporters.JUnitReportReporter -->
<testsuite hostname="Admin-PC" failures="0" tests="3" name="autotest.testcase.pageHD.LoginTestcase" time="19.062" errors="0" timestamp="2025-04-17T15:18:12 GMT+07:00" skipped="0">
  <testcase classname="autotest.testcase.pageHD.LoginTestcase" name="loginWrongpass" time="6.195"/>
  <system-out/>
  <testcase classname="autotest.testcase.pageHD.LoginTestcase" name="loginsuccess" time="5.016"/>
  <system-out/>
  <testcase classname="autotest.testcase.pageHD.LoginTestcase" name="loginWrongUser" time="7.851"/>
  <system-out/>
</testsuite> <!-- autotest.testcase.pageHD.LoginTestcase -->
