<?xml version="1.0" encoding="UTF-8"?>
<!-- Generated by org.testng.reporters.JUnitReportReporter -->
<testsuite hostname="DESKTOP-HA2CFC5" failures="0" tests="1" name="autotest.testcase.rise.LoginTestcases" time="0.429" errors="0" timestamp="2025-06-25T20:34:37 ICT" skipped="0">
  <testcase classname="autotest.testcase.rise.LoginTestcases" name="testLogin" time="0.429"/>
</testsuite> <!-- autotest.testcase.rise.LoginTestcases -->
