<?xml version="1.0" encoding="UTF-8"?>
<!-- Generated by org.testng.reporters.JUnitReportReporter -->
<testsuite hostname="DESKTOP-T58M6RN" failures="0" tests="1" name="autotest.testcases.fclass.TS_ClickJoinTraining" time="30.311" errors="0" timestamp="2025-03-30T17:43:32 GMT+07:00" skipped="0">
  <testcase classname="autotest.testcases.fclass.TS_ClickJoinTraining" name="testClickJoinTraining" time="30.311"/>
  <system-out/>
</testsuite> <!-- autotest.testcases.fclass.TS_ClickJoinTraining -->
