<?xml version="1.0" encoding="UTF-8"?>
<!-- Generated by org.testng.reporters.JUnitReportReporter -->
<testsuite hostname="Admin-PC" failures="0" tests="1" name="autotest.testcasepage.Rise.JavaTest" time="40.555" errors="0" timestamp="2025-04-23T19:17:36 GMT+07:00" skipped="0">
  <testcase classname="autotest.testcasepage.Rise.JavaTest" name="jsExecutorDemo02" time="40.555"/>
  <system-out/>
</testsuite> <!-- autotest.testcasepage.Rise.JavaTest -->
