<?xml version="1.0" encoding="UTF-8"?>
<!-- Generated by org.testng.reporters.JUnitReportReporter -->
<testsuite hostname="OanhKieu" failures="0" tests="1" name="autotest.testcases.Oanh_LoginTC" time="8.586" errors="0" timestamp="2024-12-01T15:11:57 GMT+07:00" skipped="0">
  <testcase classname="autotest.testcases.Oanh_LoginTC" name="loginTC" time="8.586"/>
  <system-out/>
</testsuite> <!-- autotest.testcases.Oanh_LoginTC -->
