<?xml version="1.0" encoding="UTF-8"?>
<!-- Generated by org.testng.reporters.JUnitReportReporter -->
<testsuite hostname="Admin-PC" failures="0" tests="1" name="autotest.testcases.admin.PackageTest" time="13.732" errors="0" timestamp="2025-03-26T14:17:07 GMT+07:00" skipped="0">
  <testcase classname="autotest.testcases.admin.PackageTest" name="testCreatePackage" time="13.732"/>
  <system-out/>
</testsuite> <!-- autotest.testcases.admin.PackageTest -->
