<?xml version="1.0" encoding="UTF-8"?>
<!-- Generated by org.testng.reporters.JUnitReportReporter -->
<testsuite hostname="NgD" failures="0" tests="5" name="autotest.pages.PageLogin" time="0.281" errors="0" timestamp="2024-11-29T15:57:21 ICT" skipped="4">
  <testcase classname="autotest.pages.PageLogin" name="clickFortgetPassword" time="0.281"/>
  <system-out/>
  <testcase classname="autotest.pages.PageLogin" name="loginDeactivatedAccount">
    <skipped/>
  </testcase> <!-- loginDeactivatedAccount -->
  <system-out/>
  <testcase classname="autotest.pages.PageLogin" name="loginValidAccount">
    <skipped/>
  </testcase> <!-- loginValidAccount -->
  <system-out/>
  <testcase classname="autotest.pages.PageLogin" name="loginInvalidAccount">
    <skipped/>
  </testcase> <!-- loginInvalidAccount -->
  <system-out/>
  <testcase classname="autotest.pages.PageLogin" name="loginInvalidPassword">
    <skipped/>
  </testcase> <!-- loginInvalidPassword -->
  <system-out/>
</testsuite> <!-- autotest.pages.PageLogin -->
