<?xml version="1.0" encoding="UTF-8"?>
<!-- Generated by org.testng.reporters.JUnitReportReporter -->
<testsuite hostname="DESKTOP-HA2CFC5" failures="0" tests="1" name="autotest.testcase.rise.LoginTestcases" time="1.309" errors="0" timestamp="2025-06-29T21:04:40 ICT" skipped="0">
  <testcase classname="autotest.testcase.rise.LoginTestcases" name="testLogin" time="1.309"/>
</testsuite> <!-- autotest.testcase.rise.LoginTestcases -->
