<?xml version="1.0" encoding="UTF-8"?>
<!-- Generated by org.testng.reporters.JUnitReportReporter -->
<testsuite hostname="Admin" failures="0" tests="3" name="autotest_buoi9.Clients" time="37.745" errors="0" timestamp="2025-06-11T19:59:55 ICT" skipped="0">
  <testcase classname="autotest_buoi9.Clients" name="testDeleteClients" time="8.873"/>
  <testcase classname="autotest_buoi9.Clients" name="testAddClients" time="12.083"/>
  <testcase classname="autotest_buoi9.Clients" name="testEditClients" time="16.789"/>
</testsuite> <!-- autotest_buoi9.Clients -->
