<?xml version="1.0" encoding="UTF-8"?>
<!-- Generated by org.testng.reporters.JUnitReportReporter -->
<testsuite hostname="Admin" failures="0" tests="3" name="autotest.testcase.ProjectTestCases" time="36.519" errors="0" timestamp="2025-06-17T23:46:24 ICT" skipped="0">
  <testcase classname="autotest.testcase.ProjectTestCases" name="testAddProject" time="28.009"/>
  <testcase classname="autotest.testcase.ProjectTestCases" name="testEditProject" time="5.057"/>
  <testcase classname="autotest.testcase.ProjectTestCases" name="testDeleteProject" time="3.453"/>
</testsuite> <!-- autotest.testcase.ProjectTestCases -->
