<?xml version="1.0" encoding="UTF-8"?>
<!-- Generated by org.testng.reporters.JUnitReportReporter -->
<testsuite hostname="DESKTOP-I8QEIM8" failures="0" tests="1" name="autotest.testcases.fclass.AnnotationTestcases" time="0.005" errors="0" timestamp="2025-04-13T20:30:03 ICT" skipped="0">
  <testcase classname="autotest.testcases.fclass.AnnotationTestcases" name="Test" time="0.005"/>
  <system-out/>
</testsuite> <!-- autotest.testcases.fclass.AnnotationTestcases -->
