<?xml version="1.0" encoding="UTF-8"?>
<!-- Generated by org.testng.reporters.JUnitReportReporter -->
<testsuite hostname="OanhKieu" failures="0" tests="1" name="autotest.testcases.Oanh_taoHoaDon" time="8.943" errors="0" timestamp="2024-11-27T23:14:21 GMT+07:00" skipped="0">
  <testcase classname="autotest.testcases.Oanh_taoHoaDon" name="taoHoaDon" time="8.943"/>
  <system-out/>
</testsuite> <!-- autotest.testcases.Oanh_taoHoaDon -->
