<?xml version="1.0" encoding="UTF-8"?>
<!-- Generated by org.testng.reporters.JUnitReportReporter -->
<testsuite hostname="Admin" failures="0" tests="3" name="autotest.testcase.ClientTestCases" time="43.140" errors="0" timestamp="2025-06-17T22:22:38 ICT" skipped="0">
  <testcase classname="autotest.testcase.ClientTestCases" name="testAddClients" time="31.633"/>
  <testcase classname="autotest.testcase.ClientTestCases" name="testEditClients" time="7.062"/>
  <testcase classname="autotest.testcase.ClientTestCases" name="testDeleteClients" time="4.445"/>
</testsuite> <!-- autotest.testcase.ClientTestCases -->
