<?xml version="1.0" encoding="UTF-8"?>
<!-- Generated by org.testng.reporters.JUnitReportReporter -->
<testsuite hostname="DESKTOP-LSHHFAK" failures="0" tests="1" name="autotest.pages.Exam2" time="14.621" errors="0" timestamp="2024-04-03T19:12:50 ICT" skipped="0">
  <testcase classname="autotest.pages.Exam2" name="testXpath" time="14.621"/>
  <system-out/>
</testsuite> <!-- autotest.pages.Exam2 -->
