<?xml version="1.0" encoding="UTF-8"?>
<!-- Generated by org.testng.reporters.JUnitReportReporter -->
<testsuite hostname="NgD" failures="0" tests="3" name="autotest.pages.PageInvoice" time="8.905" errors="0" timestamp="2024-12-06T21:42:53 ICT" skipped="1">
  <testcase classname="autotest.pages.PageInvoice" name="loginValidAccount" time="1.656"/>
  <system-out/>
  <testcase classname="autotest.pages.PageInvoice" name="createInvoice" time="7.249"/>
  <system-out/>
  <testcase classname="autotest.pages.PageInvoice" name="navigateInvoicePage">
    <skipped/>
  </testcase> <!-- navigateInvoicePage -->
  <system-out/>
</testsuite> <!-- autotest.pages.PageInvoice -->
