<?xml version="1.0" encoding="UTF-8"?>
<!-- Generated by org.testng.reporters.JUnitReportReporter -->
<testsuite hostname="DESKTOP0189" failures="0" tests="1" name="autotest.pages.Practice" time="2.586" errors="0" timestamp="2024-09-08T04:32:15 ICT" skipped="0">
  <testcase classname="autotest.pages.Practice" name="TC1" time="2.586"/>
  <system-out/>
</testsuite> <!-- autotest.pages.Practice -->
