<?xml version="1.0" encoding="UTF-8"?>
<!-- Generated by org.testng.reporters.JUnitReportReporter -->
<testsuite hostname="DESKTOP-NO59BVU" failures="0" tests="1" name="autotest.testcases.admin.LoginTestcases" time="6.853" errors="0" timestamp="2025-03-25T23:22:28 GMT+07:00" skipped="0">
  <testcase classname="autotest.testcases.admin.LoginTestcases" name="loginadmin" time="6.853"/>
  <system-out/>
</testsuite> <!-- autotest.testcases.admin.LoginTestcases -->
