<?xml version="1.0" encoding="UTF-8"?>
<!-- Generated by org.testng.reporters.JUnitReportReporter -->
<testsuite hostname="Admin-PC" failures="0" tests="1" name="autotest.thuchanh.Buoi12TH" time="3.298" errors="0" timestamp="2025-04-13T19:34:42 GMT+07:00" skipped="0">
  <testcase classname="autotest.thuchanh.Buoi12TH" name="TC_SelectCountry" time="3.298"/>
  <system-out/>
</testsuite> <!-- autotest.thuchanh.Buoi12TH -->
