<?xml version="1.0" encoding="UTF-8"?>
<!-- Generated by org.testng.reporters.JUnitReportReporter -->
<testsuite hostname="DESKTOP-TBASD4Q" failures="0" tests="1" name="autotest.pages.HomePage" time="20.921" errors="0" timestamp="2024-09-15T19:58:09 ICT" skipped="0">
  <testcase classname="autotest.pages.HomePage" name="testLoginF" time="20.921"/>
  <system-out/>
</testsuite> <!-- autotest.pages.HomePage -->
