<?xml version="1.0" encoding="UTF-8"?>
<!-- Generated by org.testng.reporters.JUnitReportReporter -->
<testsuite hostname="DESKTOP0189" failures="0" tests="1" name="autotest.testcases.ThucHanh" time="8.610" errors="0" timestamp="2024-09-04T03:07:44 ICT" skipped="0">
  <testcase classname="autotest.testcases.ThucHanh" name="khoiTaoWeb" time="8.610"/>
  <system-out/>
</testsuite> <!-- autotest.testcases.ThucHanh -->
