<?xml version="1.0" encoding="UTF-8"?>
<!-- Generated by org.testng.reporters.JUnitReportReporter -->
<testsuite hostname="Admin" failures="0" tests="3" name="autotest.testcase.LabelTestCase" time="29.872" errors="0" timestamp="2025-06-18T19:13:33 ICT" skipped="0">
  <testcase classname="autotest.testcase.LabelTestCase" name="testAddLabel" time="17.002"/>
  <testcase classname="autotest.testcase.LabelTestCase" name="testEditLabel" time="6.576"/>
  <testcase classname="autotest.testcase.LabelTestCase" name="testDeleteLabel" time="6.294"/>
</testsuite> <!-- autotest.testcase.LabelTestCase -->
