<?xml version="1.0" encoding="UTF-8"?>
<!-- Generated by org.testng.reporters.JUnitReportReporter -->
<testsuite hostname="DESKTOP-HA2CFC5" failures="0" tests="1" name="Buoi8.BTVN" time="31.274" errors="0" timestamp="2025-06-06T17:34:01 ICT" skipped="0">
  <testcase classname="Buoi8.BTVN" name="deleteProject" time="31.274"/>
</testsuite> <!-- Buoi8.BTVN -->
