<?xml version="1.0" encoding="UTF-8"?>
<!-- Generated by org.testng.reporters.JUnitReportReporter -->
<testsuite hostname="DESKTOP-LSHHFAK" failures="0" tests="1" name="autotest.pages.Hanh_BaiTap" time="3.594" errors="0" timestamp="2024-04-07T15:45:14 ICT" skipped="0">
  <testcase classname="autotest.pages.Hanh_BaiTap" name="clickDropList" time="3.594"/>
  <system-out/>
</testsuite> <!-- autotest.pages.Hanh_BaiTap -->
