<?xml version="1.0" encoding="UTF-8"?>
<!-- Generated by org.testng.reporters.JUnitReportReporter -->
<testsuite hostname="OanhKieu" failures="0" tests="3" name="autotest.pages.Oanh_B9_LoginPage" time="9.056" errors="0" timestamp="2024-11-27T22:51:01 GMT+07:00" skipped="0">
  <testcase classname="autotest.pages.Oanh_B9_LoginPage" name="notFound" time="4.139"/>
  <system-out/>
  <testcase classname="autotest.pages.Oanh_B9_LoginPage" name="wrongPw" time="1.063"/>
  <system-out/>
  <testcase classname="autotest.pages.Oanh_B9_LoginPage" name="successLogin" time="3.854"/>
  <system-out/>
</testsuite> <!-- autotest.pages.Oanh_B9_LoginPage -->
