<?xml version="1.0" encoding="UTF-8"?>
<!-- Generated by org.testng.reporters.JUnitReportReporter -->
<testsuite hostname="Admin" failures="0" tests="1" name="autotest.testcase.LoginTestCases" time="6.296" errors="0" timestamp="2025-06-25T20:38:42 ICT" skipped="0">
  <testcase classname="autotest.testcase.LoginTestCases" name="LoginTestCases" time="6.296"/>
</testsuite> <!-- autotest.testcase.LoginTestCases -->
