<?xml version="1.0" encoding="UTF-8"?>
<!-- Generated by org.testng.reporters.JUnitReportReporter -->
<testsuite hostname="DESKTOP-TBASD4Q" failures="0" tests="1" name="autotest.testcases.fclass.LoginTestcases" time="11.784" errors="0" timestamp="2025-03-23T19:42:10 ICT" skipped="0">
  <testcase classname="autotest.testcases.fclass.LoginTestcases" name="tcs01" time="11.784"/>
  <system-out/>
</testsuite> <!-- autotest.testcases.fclass.LoginTestcases -->
