<?xml version="1.0" encoding="UTF-8"?>
<!-- Generated by org.testng.reporters.JUnitReportReporter -->
<testsuite hostname="Admin" failures="0" tests="1" name="autotest_buoi9.Clients" time="11.829" errors="0" timestamp="2025-06-11T16:45:01 ICT" skipped="0">
  <testcase classname="autotest_buoi9.Clients" name="testDeleteClients" time="11.829"/>
</testsuite> <!-- autotest_buoi9.Clients -->
