<?xml version="1.0" encoding="UTF-8"?>
<!-- Generated by org.testng.reporters.JUnitReportReporter -->
<testsuite hostname="Admin" failures="0" tests="3" name="autotest.testcase.DashboardJSExcuteTestCases" time="42.839" errors="0" timestamp="2025-07-01T14:39:15 ICT" skipped="0">
  <testcase classname="autotest.testcase.DashboardJSExcuteTestCases" name="widgetClockInOut" time="13.927"/>
  <testcase classname="autotest.testcase.DashboardJSExcuteTestCases" name="widgetEventsToday" time="4.365"/>
  <testcase classname="autotest.testcase.DashboardJSExcuteTestCases" name="widgetProjects" time="24.547"/>
</testsuite> <!-- autotest.testcase.DashboardJSExcuteTestCases -->
