<?xml version="1.0" encoding="UTF-8"?>
<!-- Generated by org.testng.reporters.JUnitReportReporter -->
<testsuite hostname="DESKTOP-I8QEIM8" failures="0" tests="1" name="autotest.testcases.GiaoVien.LoginTestCases" time="18.315" errors="0" timestamp="2025-03-23T21:08:50 ICT" skipped="0">
  <testcase classname="autotest.testcases.GiaoVien.LoginTestCases" name="LoginGiaoVien" time="18.315"/>
  <system-out/>
</testsuite> <!-- autotest.testcases.GiaoVien.LoginTestCases -->
