<?xml version="1.0" encoding="UTF-8"?>
<!-- Generated by org.testng.reporters.JUnitReportReporter -->
<testsuite hostname="Admin-PC" failures="0" tests="3" name="autotest.testcases.fclass.AnnotationTestcases" time="0.012" errors="0" timestamp="2025-04-13T20:35:54 GMT+07:00" skipped="0">
  <testcase classname="autotest.testcases.fclass.AnnotationTestcases" name="test1" time="0.008"/>
  <system-out/>
  <testcase classname="autotest.testcases.fclass.AnnotationTestcases" name="test2" time="0.002"/>
  <system-out/>
  <testcase classname="autotest.testcases.fclass.AnnotationTestcases" name="test3" time="0.002"/>
  <system-out/>
</testsuite> <!-- autotest.testcases.fclass.AnnotationTestcases -->
