<?xml version="1.0" encoding="UTF-8"?>
<!-- Generated by org.testng.reporters.JUnitReportReporter -->
<testsuite hostname="DESKTOP-HA2CFC5" failures="0" tests="1" name="Buoi8.Bai2" time="25.956" errors="0" timestamp="2025-06-04T21:28:45 ICT" skipped="0">
  <testcase classname="Buoi8.Bai2" name="testAddProject" time="25.956"/>
</testsuite> <!-- Buoi8.Bai2 -->
