<?xml version="1.0" encoding="UTF-8"?>
<!-- Generated by org.testng.reporters.JUnitReportReporter -->
<testsuite hostname="DESKTOP-LSHHFAK" failures="0" tests="1" name="autotest.pages.TaoHoaDon" time="14.831" errors="0" timestamp="2024-04-17T20:17:25 ICT" skipped="0">
  <testcase classname="autotest.pages.TaoHoaDon" name="createNew" time="14.831"/>
  <system-out/>
</testsuite> <!-- autotest.pages.TaoHoaDon -->
