<?xml version="1.0" encoding="UTF-8"?>
<!-- Generated by org.testng.reporters.JUnitReportReporter -->
<testsuite hostname="DESKTOP-TBASD4Q" failures="0" tests="1" name="autotest.thuchanh.Buoi17TH" time="5.738" errors="0" timestamp="2025-04-27T20:10:20 ICT" skipped="0">
  <testcase classname="autotest.thuchanh.Buoi17TH" name="loginsuccess" time="5.738"/>
  <system-out/>
</testsuite> <!-- autotest.thuchanh.Buoi17TH -->
