<?xml version="1.0" encoding="UTF-8"?>
<!-- Generated by org.testng.reporters.JUnitReportReporter -->
<testsuite hostname="Admin" failures="0" tests="1" name="autotest.thuchanh.Buoi12_TH" time="8.452" errors="0" timestamp="2025-06-18T21:05:44 ICT" skipped="0">
  <testcase classname="autotest.thuchanh.Buoi12_TH" name="clickRadio" time="8.452"/>
</testsuite> <!-- autotest.thuchanh.Buoi12_TH -->
