<?xml version="1.0" encoding="UTF-8"?>
<!-- Generated by org.testng.reporters.JUnitReportReporter -->
<testsuite hostname="DESKTOP-TBASD4Q" failures="0" tests="3" name="autotest.testcasesHD.LoginTestcases" time="19.248" errors="0" timestamp="2025-04-16T20:10:28 ICT" skipped="0">
  <testcase classname="autotest.testcasesHD.LoginTestcases" name="loginWrongpass" time="3.205"/>
  <system-out/>
  <testcase classname="autotest.testcasesHD.LoginTestcases" name="loginsuccess" time="10.794"/>
  <system-out/>
  <testcase classname="autotest.testcasesHD.LoginTestcases" name="loginWrongUser" time="5.249"/>
  <system-out/>
</testsuite> <!-- autotest.testcasesHD.LoginTestcases -->
