<?xml version="1.0" encoding="UTF-8"?>
<!-- Generated by org.testng.reporters.JUnitReportReporter -->
<testsuite hostname="DESKTOP-KMNS09Q" failures="0" tests="1" name="autotest.buoi8.editProject" time="12.516" errors="0" timestamp="2025-06-06T02:32:05 ICT" skipped="0">
  <testcase classname="autotest.buoi8.editProject" name="testLogin" time="12.516"/>
</testsuite> <!-- autotest.buoi8.editProject -->
