<?xml version="1.0" encoding="UTF-8"?>
<!-- Generated by org.testng.reporters.JUnitReportReporter -->
<testsuite hostname="DESKTOP-KMNS09Q" failures="0" tests="1" name="autotest.buoi8.deleteProject" time="37.049" errors="0" timestamp="2025-06-06T02:30:09 ICT" skipped="0">
  <testcase classname="autotest.buoi8.deleteProject" name="testLogin" time="37.049"/>
</testsuite> <!-- autotest.buoi8.deleteProject -->
