<?xml version="1.0" encoding="UTF-8"?>
<!-- Generated by org.testng.reporters.JUnitReportReporter -->
<testsuite hostname="Admin" failures="0" tests="1" name="autotest.buoi8.Bai1" time="23.094" errors="0" timestamp="2025-06-06T17:22:49 ICT" skipped="0">
  <testcase classname="autotest.buoi8.Bai1" name="testDeleteProject" time="23.094"/>
</testsuite> <!-- autotest.buoi8.Bai1 -->
