<?xml version="1.0" encoding="UTF-8"?>
<!-- Generated by org.testng.reporters.JUnitReportReporter -->
<testsuite hostname="DESKTOP-TBASD4Q" failures="0" tests="1" name="autotest.testcases.admin.LoginTestcases" time="16.696" errors="0" timestamp="2025-03-23T21:19:40 ICT" skipped="0">
  <testcase classname="autotest.testcases.admin.LoginTestcases" name="loginadmin" time="16.696"/>
  <system-out/>
</testsuite> <!-- autotest.testcases.admin.LoginTestcases -->
