<?xml version="1.0" encoding="UTF-8"?>
<!-- Generated by org.testng.reporters.JUnitReportReporter -->
<testsuite hostname="192.168.x.x.non-exists.ptr.local" failures="0" tests="1" name="autotest.testcases.LoginPageTestCase" time="4.011" errors="0" timestamp="2024-12-15T21:11:25 GMT+07:00" skipped="0">
  <testcase classname="autotest.testcases.LoginPageTestCase" name="tc_1" time="4.011"/>
  <system-out/>
</testsuite> <!-- autotest.testcases.LoginPageTestCase -->
