<?xml version="1.0" encoding="UTF-8"?>
<!-- Generated by org.testng.reporters.JUnitReportReporter -->
<testsuite hostname="DESKTOP-HA2CFC5" failures="0" tests="1" name="autotest.thuchanh.Buoi12TH" time="27.433" errors="0" timestamp="2025-06-25T21:14:52 ICT" skipped="0">
  <testcase classname="autotest.thuchanh.Buoi12TH" name="testDroplist" time="27.433"/>
</testsuite> <!-- autotest.thuchanh.Buoi12TH -->
