<?xml version="1.0" encoding="UTF-8"?>
<!-- Generated by org.testng.reporters.JUnitReportReporter -->
<testsuite hostname="DESKTOP-TBASD4Q" failures="0" tests="1" name="autotest.testcases.AddClientTestcases" time="14.485" errors="0" timestamp="2024-12-18T21:22:09 ICT" skipped="0">
  <testcase classname="autotest.testcases.AddClientTestcases" name="login1" time="14.485"/>
  <system-out/>
</testsuite> <!-- autotest.testcases.AddClientTestcases -->
