<?xml version="1.0" encoding="UTF-8"?>
<!-- Generated by org.testng.reporters.JUnitReportReporter -->
<testsuite hostname="Admin" failures="0" tests="1" name="autotest.testcase.DashboardTestCases" time="31.026" errors="0" timestamp="2025-07-08T23:56:33 ICT" skipped="0">
  <testcase classname="autotest.testcase.DashboardTestCases" name="widgetInvoiceOverview" time="31.026"/>
</testsuite> <!-- autotest.testcase.DashboardTestCases -->
