<?xml version="1.0" encoding="UTF-8"?>
<!-- Generated by org.testng.reporters.JUnitReportReporter -->
<testsuite hostname="David-Hos-MBP" failures="0" tests="1" name="autotest.testcases.AnnotationTestCase" time="0.018" errors="0" timestamp="2024-12-13T21:10:27 GMT+07:00" skipped="0">
  <testcase classname="autotest.testcases.AnnotationTestCase" name="tc_1" time="0.018"/>
  <system-out/>
</testsuite> <!-- autotest.testcases.AnnotationTestCase -->
