<?xml version="1.0" encoding="UTF-8"?>
<!-- Generated by org.testng.reporters.JUnitReportReporter -->
<testsuite hostname="DESKTOP0189" failures="0" tests="1" name="autotest.pages.Practice" time="1.271" errors="0" timestamp="2024-09-10T05:01:14 ICT" skipped="0">
  <testcase classname="autotest.pages.Practice" name="TC5" time="1.271"/>
  <system-out/>
</testsuite> <!-- autotest.pages.Practice -->
