<?xml version="1.0" encoding="UTF-8"?>
<!-- Generated by org.testng.reporters.JUnitReportReporter -->
<testsuite hostname="David-Hos-MBP" failures="0" tests="4" name="autotest.testcases.ThucHanhBuoi7_TuyenNguyen" time="0.132" errors="0" timestamp="2024-12-06T17:36:34 GMT+07:00" skipped="0">
  <testcase classname="autotest.testcases.ThucHanhBuoi7_TuyenNguyen" name="tc_convertMonthStringToInt" time="0.083"/>
  <system-out/>
  <testcase classname="autotest.testcases.ThucHanhBuoi7_TuyenNguyen" name="tc_convertNumberToString" time="0.005"/>
  <system-out/>
  <testcase classname="autotest.testcases.ThucHanhBuoi7_TuyenNguyen" name="tc_convertMonthIntToString" time="0.017"/>
  <system-out/>
  <testcase classname="autotest.testcases.ThucHanhBuoi7_TuyenNguyen" name="tc_convertDate" time="0.027"/>
  <system-out/>
</testsuite> <!-- autotest.testcases.ThucHanhBuoi7_TuyenNguyen -->
