<?xml version="1.0" encoding="UTF-8"?>
<!-- Generated by org.testng.reporters.JUnitReportReporter -->
<testsuite hostname="Admin" failures="0" tests="1" name="autotest.thuchanh.Buoi12_TH_Webdriver" time="12.506" errors="0" timestamp="2025-06-22T20:06:57 ICT" skipped="0">
  <testcase classname="autotest.thuchanh.Buoi12_TH_Webdriver" name="test" time="12.506"/>
</testsuite> <!-- autotest.thuchanh.Buoi12_TH_Webdriver -->
