<?xml version="1.0" encoding="UTF-8"?>
<!-- Generated by org.testng.reporters.JUnitReportReporter -->
<testsuite hostname="Admin" failures="0" tests="3" name="autotest.testcase.ClientTestCases" time="29.073" errors="0" timestamp="2025-06-18T19:09:18 ICT" skipped="0">
  <testcase classname="autotest.testcase.ClientTestCases" name="testAddClients" time="16.903"/>
  <testcase classname="autotest.testcase.ClientTestCases" name="testEditClients" time="7.625"/>
  <testcase classname="autotest.testcase.ClientTestCases" name="testDeleteClients" time="4.545"/>
</testsuite> <!-- autotest.testcase.ClientTestCases -->
