<?xml version="1.0" encoding="UTF-8"?>
<!-- Generated by org.testng.reporters.JUnitReportReporter -->
<testsuite hostname="DESKTOP-TBASD4Q" failures="0" tests="1" name="autotest.thuchanh.Buoi9TH" time="1.412" errors="0" timestamp="2025-03-26T20:33:50 ICT" skipped="0">
  <testcase classname="autotest.thuchanh.Buoi9TH" name="Test1" time="1.412"/>
  <system-out/>
</testsuite> <!-- autotest.thuchanh.Buoi9TH -->
