<?xml version="1.0" encoding="UTF-8"?>
<!-- Generated by org.testng.reporters.JUnitReportReporter -->
<testsuite hostname="Admin-PC" failures="0" tests="1" name="autotest.testcase.pageHD.TaoHDTest" time="7.808" errors="0" timestamp="2025-04-17T15:18:12 GMT+07:00" skipped="0">
  <testcase classname="autotest.testcase.pageHD.TaoHDTest" name="testTaoMoiHoaDon" time="7.808"/>
  <system-out/>
</testsuite> <!-- autotest.testcase.pageHD.TaoHDTest -->
