<?xml version="1.0" encoding="UTF-8"?>
<!-- Generated by org.testng.reporters.JUnitReportReporter -->
<testsuite hostname="David-Hos-MBP" failures="0" tests="1" name="autotest.testcases.CreateInvoicePageTestCase" time="24.303" errors="0" timestamp="2024-12-03T17:12:24 GMT+07:00" skipped="0">
  <testcase classname="autotest.testcases.CreateInvoicePageTestCase" name="tc_themSPMoi" time="24.303"/>
  <system-out/>
</testsuite> <!-- autotest.testcases.CreateInvoicePageTestCase -->
