<?xml version="1.0" encoding="UTF-8"?>
<!-- Generated by org.testng.reporters.JUnitReportReporter -->
<testsuite hostname="LAPTOP-6AVSI84U" failures="0" tests="1" name="autotest.pages.Exam2" time="9.617" errors="0" timestamp="2024-04-02T22:51:18 ICT" skipped="0">
  <testcase classname="autotest.pages.Exam2" name="DemoTest" time="9.617"/>
  <system-out/>
</testsuite> <!-- autotest.pages.Exam2 -->
