<?xml version="1.0" encoding="UTF-8"?>
<!-- Generated by org.testng.reporters.JUnitReportReporter -->
<testsuite hostname="Admin" failures="0" tests="1" name="autotest.testcases.teacher.LoginTestcases" time="11.891" errors="0" timestamp="2025-06-01T20:52:52 ICT" skipped="0">
  <testcase classname="autotest.testcases.teacher.LoginTestcases" name="loginadmin" time="11.891"/>
</testsuite> <!-- autotest.testcases.teacher.LoginTestcases -->
