<?xml version="1.0" encoding="UTF-8"?>
<!-- Generated by org.testng.reporters.JUnitReportReporter -->
<testsuite hostname="Admin-PC" failures="0" tests="1" name="autotest.pages.practice.Thuc_hanh" time="7.833" errors="0" timestamp="2025-03-28T15:13:16 GMT+07:00" skipped="0">
  <testcase classname="autotest.pages.practice.Thuc_hanh" name="logi" time="7.833"/>
  <system-out/>
</testsuite> <!-- autotest.pages.practice.Thuc_hanh -->
