<?xml version="1.0" encoding="UTF-8"?>
<!-- Generated by org.testng.reporters.JUnitReportReporter -->
<testsuite hostname="DESKTOP-T58M6RN" failures="0" tests="1" name="autotest.testcases.fclass.CheckboxClickTest" time="39.267" errors="0" timestamp="2025-03-30T18:16:52 GMT+07:00" skipped="0">
  <testcase classname="autotest.testcases.fclass.CheckboxClickTest" name="testCheckboxClick" time="39.267"/>
  <system-out/>
</testsuite> <!-- autotest.testcases.fclass.CheckboxClickTest -->
