<?xml version="1.0" encoding="UTF-8"?>
<!-- Generated by org.testng.reporters.JUnitReportReporter -->
<testsuite hostname="DESKTOP-8R9N6QD" failures="0" tests="1" name="autotest.b8.Bai1" time="17.009" errors="0" timestamp="2025-06-05T09:36:35 ICT" skipped="0">
  <testcase classname="autotest.b8.Bai1" name="testLogin" time="17.009"/>
</testsuite> <!-- autotest.b8.Bai1 -->
