<?xml version="1.0" encoding="UTF-8"?>
<!-- Generated by org.testng.reporters.JUnitReportReporter -->
<testsuite hostname="DESKTOP0189" failures="0" tests="1" name="autotest.testcases.HomePageTestCases" time="9.025" errors="0" timestamp="2024-09-15T19:31:32 ICT" skipped="0">
  <testcase classname="autotest.testcases.HomePageTestCases" name="clickOnMenuHoaDon" time="9.025"/>
  <system-out/>
</testsuite> <!-- autotest.testcases.HomePageTestCases -->
