<?xml version="1.0" encoding="UTF-8"?>
<!-- Generated by org.testng.reporters.JUnitReportReporter -->
<testsuite hostname="NgD" failures="0" tests="1" name="autotest.pages.PageLogin" time="0.463" errors="0" timestamp="2024-11-26T14:03:05 ICT" skipped="0">
  <testcase classname="autotest.pages.PageLogin" name="clickFortgetPassword" time="0.463"/>
  <system-out/>
</testsuite> <!-- autotest.pages.PageLogin -->
