<?xml version="1.0" encoding="UTF-8"?>
<!-- Generated by org.testng.reporters.JUnitReportReporter -->
<testsuite hostname="NgD" failures="0" tests="1" name="autotest.testcases.LoginTestcases" time="0.013" errors="0" timestamp="2024-11-25T15:27:04 GMT+07:00" skipped="0">
  <testcase classname="autotest.testcases.LoginTestcases" name="tcs01" time="0.013"/>
  <system-out/>
</testsuite> <!-- autotest.testcases.LoginTestcases -->
