<?xml version="1.0" encoding="UTF-8"?>
<!-- Generated by org.testng.reporters.JUnitReportReporter -->
<testsuite hostname="Admin-PC" failures="0" tests="1" name="autotest.testcases.admin.AddPackageTestcase" time="16.478" errors="0" timestamp="2025-03-26T19:29:01 GMT+07:00" skipped="0">
  <testcase classname="autotest.testcases.admin.AddPackageTestcase" name="loginadmin" time="16.478"/>
  <system-out/>
</testsuite> <!-- autotest.testcases.admin.AddPackageTestcase -->
