<?xml version="1.0" encoding="UTF-8"?>
<!-- Generated by org.testng.reporters.JUnitReportReporter -->
<testsuite hostname="DESKTOP-HA2CFC5" failures="0" tests="3" name="autotest.testcase.rise.ClientTestcases" time="45.655" errors="0" timestamp="2025-06-15T19:01:40 ICT" skipped="0">
  <testcase classname="autotest.testcase.rise.ClientTestcases" name="testAddClient" time="23.458"/>
  <testcase classname="autotest.testcase.rise.ClientTestcases" name="testEditClient" time="6.774"/>
  <testcase classname="autotest.testcase.rise.ClientTestcases" name="testDeleteClient" time="15.423"/>
</testsuite> <!-- autotest.testcase.rise.ClientTestcases -->
