<?xml version="1.0" encoding="UTF-8"?>
<!-- Generated by org.testng.reporters.JUnitReportReporter -->
<testsuite hostname="DESKTOP-T58M6RN" failures="0" tests="1" name="autotest.testcases.fclass.TS_SetDatePicker" time="45.764" errors="0" timestamp="2025-03-30T19:09:52 GMT+07:00" skipped="0">
  <testcase classname="autotest.testcases.fclass.TS_SetDatePicker" name="testSetDatePicker" time="45.764"/>
  <system-out/>
</testsuite> <!-- autotest.testcases.fclass.TS_SetDatePicker -->
