<?xml version="1.0" encoding="UTF-8"?>
<!-- Generated by org.testng.reporters.JUnitReportReporter -->
<testsuite hostname="DESKTOP-LSHHFAK" failures="0" tests="1" name="autotest.pages.HomePage" time="15.935" errors="0" timestamp="2024-04-10T20:47:00 ICT" skipped="0">
  <testcase classname="autotest.pages.HomePage" name="testLogin" time="15.935"/>
  <system-out/>
</testsuite> <!-- autotest.pages.HomePage -->
