<?xml version="1.0" encoding="UTF-8"?>
<!-- Generated by org.testng.reporters.JUnitReportReporter -->
<testsuite hostname="DESKTOP-HA2CFC5" failures="0" tests="2" name="autotest.testcase.rise.EventTestcases" time="35.318" errors="0" timestamp="2025-06-24T19:56:34 ICT" skipped="0">
  <testcase classname="autotest.testcase.rise.EventTestcases" name="testEditEvent" time="27.993"/>
  <testcase classname="autotest.testcase.rise.EventTestcases" name="testDeleteEvent" time="7.325"/>
</testsuite> <!-- autotest.testcase.rise.EventTestcases -->
