<?xml version="1.0" encoding="UTF-8"?>
<!-- Generated by org.testng.reporters.JUnitReportReporter -->
<testsuite hostname="DESKTOP-TBASD4Q" failures="0" tests="1" name="autotest.pages.ExamAntonation" time="0.015" errors="0" timestamp="2024-09-15T18:32:57 ICT" skipped="0">
  <testcase classname="autotest.pages.ExamAntonation" name="testOneMethod" time="0.015"/>
  <system-out/>
</testsuite> <!-- autotest.pages.ExamAntonation -->
