<?xml version="1.0" encoding="UTF-8"?>
<!-- Generated by org.testng.reporters.JUnitReportReporter -->
<testsuite hostname="Admin-PC" failures="0" tests="1" name="autotest.pages.practice.Thuc_hanh" time="8.487" errors="0" timestamp="2025-03-30T19:11:10 GMT+07:00" skipped="0">
  <testcase classname="autotest.pages.practice.Thuc_hanh" name="logi" time="8.487"/>
  <system-out/>
</testsuite> <!-- autotest.pages.practice.Thuc_hanh -->
