<?xml version="1.0" encoding="UTF-8"?>
<!-- Generated by org.testng.reporters.JUnitReportReporter -->
<testsuite hostname="DESKTOP0189" failures="0" tests="1" name="autotest.testcases.LoginTestcases" time="2.380" errors="0" timestamp="2024-09-12T04:29:37 ICT" skipped="0">
  <testcase classname="autotest.testcases.LoginTestcases" name="loginSuccessfully" time="2.380"/>
  <system-out/>
</testsuite> <!-- autotest.testcases.LoginTestcases -->
