<?xml version="1.0" encoding="UTF-8"?>
<!-- Generated by org.testng.reporters.JUnitReportReporter -->
<testsuite hostname="David-Hos-MacBook-Pro.local" failures="0" tests="4" name="autotest.testcases.LoginPageTestCase" time="5.742" errors="0" timestamp="2024-11-28T22:01:11 GMT+07:00" skipped="0">
  <testcase classname="autotest.testcases.LoginPageTestCase" name="tc1_CompareEnteredValue" time="2.022"/>
  <system-out/>
  <testcase classname="autotest.testcases.LoginPageTestCase" name="tc2_LoginFail_WrongUserName" time="2.295"/>
  <system-out/>
  <testcase classname="autotest.testcases.LoginPageTestCase" name="tc3_LoginFail_WrongPassword" time="1.052"/>
  <system-out/>
  <testcase classname="autotest.testcases.LoginPageTestCase" name="tc4_LoginSuccessfull" time="0.373"/>
  <system-out/>
</testsuite> <!-- autotest.testcases.LoginPageTestCase -->
