<?xml version="1.0" encoding="UTF-8"?>
<!-- Generated by org.testng.reporters.JUnitReportReporter -->
<testsuite hostname="thuylinhlinh" failures="0" tests="1" name="TCRise.autoRise" time="22.777" errors="0" timestamp="2025-05-19T10:55:39 ICT" skipped="0">
  <testcase classname="TCRise.autoRise" name="testLoginAndAddProject" time="22.777"/>
</testsuite> <!-- TCRise.autoRise -->
